
Mar 23, 2018 15:46:58.21 NEW SESSION
Mar 23, 2018 15:46:58.21 C:\Program Files (x86)\Google\Chrome\Application\chrome.exe: invalid option -- `-u'
Mar 23, 2018 15:46:58.21 Try 'chrome.exe --help' for more information.
Mar 23, 2018 15:46:58.29 [0323/154658.297:ERROR:registration_protocol_win.cc(84)] TransactNamedPipe: The pipe has been ended. (0x6D)
Mar 23, 2018 15:46:59.21 [10384:10612:0323/154659.219:ERROR:configuration_policy_handler_list.cc(92)] Unknown policy: PasswordManagerAllowShowPasswords
Mar 23, 2018 16:16:23.55 C:\Program Files (x86)\Google\Chrome\Application\chrome.exe: invalid option -- `-u'
Mar 23, 2018 16:16:23.55 Try 'chrome.exe --help' for more information.
Mar 23, 2018 16:16:23.66 [0323/161623.667:ERROR:registration_protocol_win.cc(84)] TransactNamedPipe: The pipe has been ended. (0x6D)
Mar 23, 2018 16:16:24.24 [6632:9112:0323/161624.245:ERROR:configuration_policy_handler_list.cc(92)] Unknown policy: PasswordManagerAllowShowPasswords
Mar 23, 2018 16:38:10.81 C:\Program Files (x86)\Google\Chrome\Application\chrome.exe: invalid option -- `-u'
Mar 23, 2018 16:38:10.83 Try 'chrome.exe --help' for more information.
Mar 23, 2018 16:38:10.83 [0323/163810.804:ERROR:registration_protocol_win.cc(84)] TransactNamedPipe: The pipe has been ended. (0x6D)
Mar 23, 2018 16:38:11.33 [7796:11316:0323/163811.335:ERROR:configuration_policy_handler_list.cc(92)] Unknown policy: PasswordManagerAllowShowPasswords
Mar 23, 2018 16:45:07.79 C:\Program Files (x86)\Google\Chrome\Application\chrome.exe: invalid option -- `-u'
Mar 23, 2018 16:45:07.79 Try 'chrome.exe --help' for more information.
Mar 23, 2018 16:45:07.80 [0323/164507.800:ERROR:registration_protocol_win.cc(84)] TransactNamedPipe: The pipe has been ended. (0x6D)
Mar 23, 2018 16:45:08.72 [2528:8784:0323/164508.722:ERROR:configuration_policy_handler_list.cc(92)] Unknown policy: PasswordManagerAllowShowPasswords
Mar 23, 2018 17:38:46.91 C:\Program Files (x86)\Google\Chrome\Application\chrome.exe: invalid option -- `-u'
Mar 23, 2018 17:38:46.93 Try 'chrome.exe --help' for more information.
Mar 23, 2018 17:38:46.93 [0323/173846.919:ERROR:registration_protocol_win.cc(84)] TransactNamedPipe: The pipe has been ended. (0x6D)
Mar 23, 2018 17:38:47.44 [2284:8912:0323/173847.444:ERROR:configuration_policy_handler_list.cc(92)] Unknown policy: PasswordManagerAllowShowPasswords
Mar 23, 2018 17:40:10.55 C:\Program Files (x86)\Google\Chrome\Application\chrome.exe: invalid option -- `-u'
Mar 23, 2018 17:40:10.55 Try 'chrome.exe --help' for more information.
Mar 23, 2018 17:40:10.55 [0323/174010.558:ERROR:registration_protocol_win.cc(84)] TransactNamedPipe: The pipe has been ended. (0x6D)
Mar 23, 2018 17:40:11.16 [6856:10276:0323/174011.168:ERROR:configuration_policy_handler_list.cc(92)] Unknown policy: PasswordManagerAllowShowPasswords

Mar 23, 2018 19:40:30.45 NEW SESSION
Mar 23, 2018 19:40:30.45 C:\Program Files (x86)\Google\Chrome\Application\chrome.exe: invalid option -- `-u'
Mar 23, 2018 19:40:30.47 Try 'chrome.exe --help' for more information.
Mar 23, 2018 19:40:30.48 [0323/194030.488:ERROR:registration_protocol_win.cc(84)] TransactNamedPipe: The pipe has been ended. (0x6D)
Mar 23, 2018 19:40:32.09 [12308:9324:0323/194032.097:ERROR:configuration_policy_handler_list.cc(92)] Unknown policy: PasswordManagerAllowShowPasswords
Mar 23, 2018 19:50:32.68 C:\Program Files (x86)\Google\Chrome\Application\chrome.exe: invalid option -- `-u'
Mar 23, 2018 19:50:32.73 Try 'chrome.exe --help' for more information.
Mar 23, 2018 19:50:32.73 [0323/195032.734:ERROR:registration_protocol_win.cc(84)] TransactNamedPipe: The pipe has been ended. (0x6D)
Mar 23, 2018 19:50:33.51 [12636:9432:0323/195033.515:ERROR:configuration_policy_handler_list.cc(92)] Unknown policy: PasswordManagerAllowShowPasswords
Mar 23, 2018 19:51:37.76 C:\Program Files (x86)\Google\Chrome\Application\chrome.exe: invalid option -- `-u'
Mar 23, 2018 19:51:37.76 Try 'chrome.exe --help' for more information.
Mar 23, 2018 19:51:37.82 [0323/195137.825:ERROR:registration_protocol_win.cc(84)] TransactNamedPipe: The pipe has been ended. (0x6D)
Mar 23, 2018 19:51:38.48 [4200:8632:0323/195138.481:ERROR:configuration_policy_handler_list.cc(92)] Unknown policy: PasswordManagerAllowShowPasswords
Mar 23, 2018 20:24:20.47 C:\Program Files (x86)\Google\Chrome\Application\chrome.exe: invalid option -- `-u'
Mar 23, 2018 20:24:20.78 Try 'chrome.exe --help' for more information.
Mar 23, 2018 20:24:20.78 [0323/202420.470:ERROR:registration_protocol_win.cc(84)] TransactNamedPipe: The pipe has been ended. (0x6D)
Mar 23, 2018 20:24:22.11 [13088:8236:0323/202422.114:ERROR:configuration_policy_handler_list.cc(92)] Unknown policy: PasswordManagerAllowShowPasswords

Mar 26, 2018 20:20:21.00 NEW SESSION
Mar 26, 2018 20:20:21.00 C:\Program Files (x86)\Google\Chrome\Application\chrome.exe: invalid option -- `-u'
Mar 26, 2018 20:20:21.03 Try 'chrome.exe --help' for more information.
Mar 26, 2018 20:20:21.09 [0326/202021.099:ERROR:registration_protocol_win.cc(84)] TransactNamedPipe: The pipe has been ended. (0x6D)
Mar 26, 2018 20:20:22.66 [908:9360:0326/202022.662:ERROR:configuration_policy_handler_list.cc(92)] Unknown policy: PasswordManagerAllowShowPasswords
Mar 26, 2018 20:27:17.82 C:\Program Files (x86)\Google\Chrome\Application\chrome.exe: invalid option -- `-u'
Mar 26, 2018 20:27:17.85 Try 'chrome.exe --help' for more information.
Mar 26, 2018 20:27:17.92 [0326/202717.904:ERROR:registration_protocol_win.cc(84)] TransactNamedPipe: The pipe has been ended. (0x6D)
Mar 26, 2018 20:27:19.36 [17480:5460:0326/202719.352:ERROR:configuration_policy_handler_list.cc(92)] Unknown policy: PasswordManagerAllowShowPasswords

Mar 27, 2018 21:23:31.56 NEW SESSION
Mar 27, 2018 21:23:31.59 C:\Program Files (x86)\Google\Chrome\Application\chrome.exe: invalid option -- `-u'
Mar 27, 2018 21:23:31.62 Try 'chrome.exe --help' for more information.
Mar 27, 2018 21:23:31.62 [0327/212331.531:ERROR:registration_protocol_win.cc(84)] TransactNamedPipe: The pipe has been ended. (0x6D)
Mar 27, 2018 21:23:32.84 [18344:15024:0327/212332.843:ERROR:configuration_policy_handler_list.cc(92)] Unknown policy: PasswordManagerAllowShowPasswords
Mar 27, 2018 21:27:31.77 C:\Program Files (x86)\Google\Chrome\Application\chrome.exe: invalid option -- `-u'
Mar 27, 2018 21:27:31.77 Try 'chrome.exe --help' for more information.
Mar 27, 2018 21:27:31.85 [0327/212731.851:ERROR:registration_protocol_win.cc(84)] TransactNamedPipe: The pipe has been ended. (0x6D)
Mar 27, 2018 21:27:32.38 [8020:15024:0327/212732.382:ERROR:configuration_policy_handler_list.cc(92)] Unknown policy: PasswordManagerAllowShowPasswords
Mar 27, 2018 21:34:33.02 C:\Program Files (x86)\Google\Chrome\Application\chrome.exe: invalid option -- `-u'
Mar 27, 2018 21:34:33.02 Try 'chrome.exe --help' for more information.
Mar 27, 2018 21:34:33.11 [0327/213433.115:ERROR:registration_protocol_win.cc(84)] TransactNamedPipe: The pipe has been ended. (0x6D)
Mar 27, 2018 21:34:33.70 [4596:14660:0327/213433.708:ERROR:configuration_policy_handler_list.cc(92)] Unknown policy: PasswordManagerAllowShowPasswords
Mar 27, 2018 21:35:33.82 C:\Program Files (x86)\Google\Chrome\Application\chrome.exe: invalid option -- `-u'
Mar 27, 2018 21:35:33.82 Try 'chrome.exe --help' for more information.
Mar 27, 2018 21:35:33.89 [0327/213533.899:ERROR:registration_protocol_win.cc(84)] TransactNamedPipe: The pipe has been ended. (0x6D)
Mar 27, 2018 21:35:34.41 [13464:1732:0327/213534.415:ERROR:configuration_policy_handler_list.cc(92)] Unknown policy: PasswordManagerAllowShowPasswords
Mar 27, 2018 21:38:46.47 C:\Program Files (x86)\Google\Chrome\Application\chrome.exe: invalid option -- `-u'
Mar 27, 2018 21:38:46.47 Try 'chrome.exe --help' for more information.
Mar 27, 2018 21:38:46.55 [0327/213846.550:ERROR:registration_protocol_win.cc(84)] TransactNamedPipe: The pipe has been ended. (0x6D)
Mar 27, 2018 21:38:47.11 [10568:18964:0327/213847.112:ERROR:configuration_policy_handler_list.cc(92)] Unknown policy: PasswordManagerAllowShowPasswords
Mar 27, 2018 21:39:24.39 C:\Program Files (x86)\Google\Chrome\Application\chrome.exe: invalid option -- `-u'
Mar 27, 2018 21:39:24.39 Try 'chrome.exe --help' for more information.
Mar 27, 2018 21:39:24.48 [0327/213924.471:ERROR:registration_protocol_win.cc(84)] TransactNamedPipe: The pipe has been ended. (0x6D)
Mar 27, 2018 21:39:25.03 [15724:5660:0327/213925.018:ERROR:configuration_policy_handler_list.cc(92)] Unknown policy: PasswordManagerAllowShowPasswords
Mar 27, 2018 21:41:00.64 C:\Program Files (x86)\Google\Chrome\Application\chrome.exe: invalid option -- `-u'
Mar 27, 2018 21:41:00.64 Try 'chrome.exe --help' for more information.
Mar 27, 2018 21:41:00.72 [0327/214100.725:ERROR:registration_protocol_win.cc(84)] TransactNamedPipe: The pipe has been ended. (0x6D)
Mar 27, 2018 21:41:01.27 [9148:8884:0327/214101.272:ERROR:configuration_policy_handler_list.cc(92)] Unknown policy: PasswordManagerAllowShowPasswords

Mar 28, 2018 11:53:59.83 NEW SESSION
Mar 28, 2018 11:53:59.83 C:\Program Files (x86)\Google\Chrome\Application\chrome.exe: invalid option -- `-u'
Mar 28, 2018 11:53:59.87 Try 'chrome.exe --help' for more information.
Mar 28, 2018 11:53:59.91 [0328/115359.901:ERROR:registration_protocol_win.cc(84)] TransactNamedPipe: The pipe has been ended. (0x6D)
Mar 28, 2018 11:54:01.18 [17772:7568:0328/115401.183:ERROR:configuration_policy_handler_list.cc(92)] Unknown policy: PasswordManagerAllowShowPasswords
Mar 28, 2018 15:44:33.68 C:\Program Files (x86)\Google\Chrome\Application\chrome.exe: invalid option -- `-u'
Mar 28, 2018 15:44:33.72 Try 'chrome.exe --help' for more information.
Mar 28, 2018 15:44:33.72 [0328/154433.611:ERROR:registration_protocol_win.cc(84)] TransactNamedPipe: The pipe has been ended. (0x6D)
Mar 28, 2018 15:44:34.62 [20408:7920:0328/154434.627:ERROR:configuration_policy_handler_list.cc(92)] Unknown policy: PasswordManagerAllowShowPasswords
Mar 28, 2018 15:45:36.48 C:\Program Files (x86)\Google\Chrome\Application\chrome.exe: invalid option -- `-u'
Mar 28, 2018 15:45:36.54 Try 'chrome.exe --help' for more information.
Mar 28, 2018 15:45:36.84 [0328/154536.846:ERROR:registration_protocol_win.cc(84)] TransactNamedPipe: The pipe has been ended. (0x6D)
Mar 28, 2018 15:45:39.56 [19916:11052:0328/154539.547:ERROR:configuration_policy_handler_list.cc(92)] Unknown policy: PasswordManagerAllowShowPasswords
